<?xml version="1.0" encoding="UTF-8"?>
<!-- Generated by org.testng.reporters.JUnitReportReporter -->
<testsuite hostname="DELL" failures="0" tests="1" name="kitetest.ACTTC" time="12.049" errors="0" timestamp="2022-09-06T23:00:55 IST" skipped="0">
  <testcase classname="kitetest.ACTTC" name="verifyuserID" time="12.049"/>
  <system-out>
    <![CDATA[running verify user id]]>
  </system-out>
</testsuite> <!-- kitetest.ACTTC -->
