<?xml version="1.0" encoding="UTF-8"?>
<!-- Generated by org.testng.reporters.JUnitReportReporter -->
<testsuite hostname="DELL" failures="0" tests="1" name="kitetest.TestClass" time="11.280" errors="0" timestamp="2022-09-06T22:54:39 IST" skipped="0">
  <testcase classname="kitetest.TestClass" name="verifyuserID" time="11.280"/>
  <system-out>
    <![CDATA[running verify user id]]>
  </system-out>
</testsuite> <!-- kitetest.TestClass -->
